#
# A fatal error has been detected by the Java Runtime Environment:
#
#  Internal Error (javaClasses.cpp:124), pid=1108, tid=3840
#  fatal error: Invalid layout of preloaded class
#
# JRE version:  (8.0_05-b13) (build )
# Java VM: Java HotSpot(TM) 64-Bit Server VM (25.5-b02 mixed mode windows-amd64 compressed oops)
# Failed to write core dump. Minidumps are not enabled by default on client versions of Windows
#
# If you would like to submit a bug report, please visit:
#   http://bugreport.sun.com/bugreport/crash.jsp
#

---------------  T H R E A D  ---------------

Current thread (0x000000000226d800):  JavaThread "Unknown thread" [_thread_in_vm, id=3840, stack(0x0000000002140000,0x0000000002240000)]

Stack: [0x0000000002140000,0x0000000002240000]
Native frames: (J=compiled Java code, j=interpreted, Vv=VM code, C=native code)
V  [jvm.dll+0x308dea]
V  [jvm.dll+0x25def1]
V  [jvm.dll+0x25eb0f]
V  [jvm.dll+0x256466]
V  [jvm.dll+0x5d33c]
V  [jvm.dll+0x5d433]
V  [jvm.dll+0x71d2a]
V  [jvm.dll+0x72088]
V  [jvm.dll+0xe1607]
V  [jvm.dll+0xe1996]
V  [jvm.dll+0x1f13e7]
V  [jvm.dll+0x2227c4]
V  [jvm.dll+0x149f71]
C  [javaw.exe+0x208a]
C  [javaw.exe+0xc9db]
C  [javaw.exe+0xca6f]
C  [kernel32.dll+0x159ed]
C  [ntdll.dll+0x2c521]


---------------  P R O C E S S  ---------------

Java Threads: ( => current thread )

Other Threads:

=>0x000000000226d800 (exited) JavaThread "Unknown thread" [_thread_in_vm, id=3840, stack(0x0000000002140000,0x0000000002240000)]

VM state:not at safepoint (not fully initialized)

VM Mutex/Monitor currently owned by a thread: None

GC Heap History (0 events):
No events

Deoptimization events (0 events):
No events

Internal exceptions (0 events):
No events

Events (10 events):
Event: 0.012 loading class java/lang/CharSequence done
Event: 0.012 loading class java/lang/String done
Event: 0.012 loading class java/lang/Class
Event: 0.013 loading class java/lang/reflect/AnnotatedElement
Event: 0.013 loading class java/lang/reflect/AnnotatedElement done
Event: 0.013 loading class java/lang/reflect/GenericDeclaration
Event: 0.013 loading class java/lang/reflect/GenericDeclaration done
Event: 0.013 loading class java/lang/reflect/Type
Event: 0.013 loading class java/lang/reflect/Type done
Event: 0.013 loading class java/lang/Class done


Dynamic libraries:
0x000000013f380000 - 0x000000013f3b4000 	C:\Program Files\Java\jre8\bin\javaw.exe
0x0000000077bc0000 - 0x0000000077d69000 	C:\Windows\SYSTEM32\ntdll.dll
0x0000000077840000 - 0x000000007795f000 	C:\Windows\system32\kernel32.dll
0x000007fefe0f0000 - 0x000007fefe15b000 	C:\Windows\system32\KERNELBASE.dll
0x000007feffdf0000 - 0x000007feffecb000 	C:\Windows\system32\ADVAPI32.dll
0x000007feffbe0000 - 0x000007feffc7f000 	C:\Windows\system32\msvcrt.dll
0x000007feff8e0000 - 0x000007feff8ff000 	C:\Windows\SYSTEM32\sechost.dll
0x000007fefe980000 - 0x000007fefeaad000 	C:\Windows\system32\RPCRT4.dll
0x0000000077ac0000 - 0x0000000077bba000 	C:\Windows\system32\USER32.dll
0x000007feff950000 - 0x000007feff9b7000 	C:\Windows\system32\GDI32.dll
0x000007fefe3f0000 - 0x000007fefe3fe000 	C:\Windows\system32\LPK.dll
0x000007feffc80000 - 0x000007feffd49000 	C:\Windows\system32\USP10.dll
0x000007fefd0e0000 - 0x000007fefd2d4000 	C:\Windows\WinSxS\amd64_microsoft.windows.common-controls_6595b64144ccf1df_6.0.7601.17514_none_fa396087175ac9ac\COMCTL32.dll
0x000007fefe720000 - 0x000007fefe791000 	C:\Windows\system32\SHLWAPI.dll
0x000007feff920000 - 0x000007feff94e000 	C:\Windows\system32\IMM32.DLL
0x000007fefe400000 - 0x000007fefe509000 	C:\Windows\system32\MSCTF.dll
0x00000000640c0000 - 0x0000000064192000 	C:\Program Files\Java\jre8\bin\msvcr100.dll
0x000000005e3b0000 - 0x000000005ebda000 	C:\Program Files\Java\jre8\bin\server\jvm.dll
0x000007fef9970000 - 0x000007fef9979000 	C:\Windows\system32\WSOCK32.dll
0x000007feffb30000 - 0x000007feffb7d000 	C:\Windows\system32\WS2_32.dll
0x000007feffaa0000 - 0x000007feffaa8000 	C:\Windows\system32\NSI.dll
0x000007fefacc0000 - 0x000007fefacfb000 	C:\Windows\system32\WINMM.dll
0x0000000077d80000 - 0x0000000077d87000 	C:\Windows\system32\PSAPI.DLL
0x00000000652b0000 - 0x00000000652bf000 	C:\Program Files\Java\jre8\bin\verify.dll
0x0000000065170000 - 0x0000000065198000 	C:\Program Files\Java\jre8\bin\java.dll
0x00000000644c0000 - 0x00000000644d6000 	C:\Program Files\Java\jre8\bin\zip.dll
0x000007fee26f0000 - 0x000007fee2815000 	C:\Windows\system32\dbghelp.dll

VM Arguments:
jvm_args: -Dfile.encoding=UTF-8 -Xbootclasspath:D:\DevelopEnvironment\adt-bundle-windows-x86_64-20131030\sdk\platforms\android-19\android.jar 
java_command: com.coco.android.util.DigitalTrans
java_class_path (initial): D:\MyWorkBeach\R-Coupons\libs\zxing-1.6.jar;D:\MyWorkBeach\R-Coupons\libs\android-support-v4.jar;D:\MyWorkBeach\R-Coupons\libs\commons-httpclient-3.1.jar;D:\MyWorkBeach\R-Coupons\bin\classes
Launcher Type: SUN_STANDARD

Environment Variables:
PATH=C:\Program Files (x86)\Intel\iCLS Client\;C:\Program Files\Intel\iCLS Client\;C:\Program Files\Broadcom\Broadcom 802.11 Network Adapter\Driver;;C:\Windows\system32;C:\Windows;C:\Windows\System32\Wbem;C:\Windows\System32\WindowsPowerShell\v1.0\;C:\Program Files (x86)\Intel\OpenCL SDK\2.0\bin\x86;C:\Program Files (x86)\Intel\OpenCL SDK\2.0\bin\x64;C:\Program Files\Intel\Intel(R) Management Engine Components\DAL;C:\Program Files\Intel\Intel(R) Management Engine Components\IPT;C:\Program Files (x86)\Intel\Intel(R) Management Engine Components\DAL;C:\Program Files (x86)\Intel\Intel(R) Management Engine Components\IPT;C:\Program Files\ThinkPad\Bluetooth Software\;C:\Program Files\ThinkPad\Bluetooth Software\syswow64;
USERNAME=Administrator
OS=Windows_NT
PROCESSOR_IDENTIFIER=Intel64 Family 6 Model 58 Stepping 9, GenuineIntel



---------------  S Y S T E M  ---------------

OS: Windows 7 , 64 bit Build 7601 Service Pack 1

CPU:total 4 (2 cores per cpu, 2 threads per core) family 6 model 58 stepping 9, cmov, cx8, fxsr, mmx, sse, sse2, sse3, ssse3, sse4.1, sse4.2, popcnt, avx, aes, clmul, erms, ht, tsc, tscinvbit

Memory: 4k page, physical 3759560k(1033160k free), swap 7517276k(1910604k free)

vm_info: Java HotSpot(TM) 64-Bit Server VM (25.5-b02) for windows-amd64 JRE (1.8.0_05-b13), built on Mar 18 2014 01:08:39 by "java_re" with MS VC++ 10.0 (VS2010)

time: Mon Jun 16 19:48:29 2014
elapsed time: 0 seconds

